\BOOKMARK [0][-]{section*.1}{\376\377\000O\000l\000i\000v\000e\000\040\000O\000i\000l\000\040\000a\000n\000d\000\040\000I\000n\000o\000s\000i\000t\000o\000l\000\040\000i\000n\000\040\000a\000\040\000D\000o\000g\000\040\000D\000i\000e\000t\000:\000\040\000C\000a\000u\000s\000e\000\040\000a\000n\000d\000\040\000E\000f\000f\000e\000c\000t\000\040\000C\000h\000a\000i\000n\000\040\000o\000f\000\040\000E\000v\000e\000n\000t\000s\000\040\000W\000e\000l\000c\000o\000m\000e\000\040\000t\000o\000\040\000E\000a\000r\000t\000h\000\040\000T\000h\000i\000r\000d\000\040\000R\000o\000c\000k\000\040\000f\000r\000o\000m\000\040\000t\000h\000e\000\040\000S\000u\000n\000\040}{}% 1
\BOOKMARK [1][-]{section*.2}{\376\377\000C\000o\000n\000t\000e\000n\000t\000s}{section*.1}% 2
\BOOKMARK [1][-]{section*.3}{\376\377\000I\000n\000t\000r\000o\000d\000u\000c\000t\000i\000o\000n\000\040}{section*.1}% 3
\BOOKMARK [1][-]{section*.4}{\376\377\000\040\000D\000i\000s\000c\000o\000v\000e\000r\000y\000\040\000a\000n\000d\000\040\000C\000o\000n\000s\000i\000d\000e\000r\000a\000t\000i\000o\000n\000\040\000o\000f\000\040\000S\000u\000s\000p\000e\000c\000t\000s\000\040}{section*.1}% 4
\BOOKMARK [2][-]{section*.5}{\376\377\000E\000x\000t\000r\000a\000\040\000V\000i\000r\000g\000i\000n\000\040\000O\000l\000i\000v\000e\000\040\000O\000i\000l\000\040}{section*.4}% 5
\BOOKMARK [2][-]{section*.6}{\376\377\000i\000n\000o\000s\000i\000t\000o\000l}{section*.4}% 6
\BOOKMARK [2][-]{section*.7}{\376\377\000P\000A\000B\000A}{section*.4}% 7
\BOOKMARK [2][-]{section*.8}{\376\377\000c\000h\000o\000l\000i\000n\000e}{section*.4}% 8
\BOOKMARK [2][-]{section*.9}{\376\377\000S\000i\000l\000i\000c\000a\000\040}{section*.4}% 9
\BOOKMARK [1][-]{section*.10}{\376\377\000\040\000R\000e\000s\000u\000l\000t\000s\000\040}{section*.1}% 10
\BOOKMARK [1][-]{section*.11}{\376\377\000D\000i\000s\000c\000u\000s\000s\000i\000o\000n}{section*.1}% 11
\BOOKMARK [2][-]{section*.12}{\376\377\000P\000i\000c\000k\000y\000\040\000E\000a\000t\000i\000n\000g\000\040}{section*.11}% 12
\BOOKMARK [2][-]{section*.13}{\376\377\000I\000t\000s\000\040\000t\000h\000e\000\040\000G\000r\000e\000a\000t\000e\000s\000t\000\040\000D\000e\000r\000i\000v\000a\000t\000i\000v\000e\000\040\000C\000h\000a\000r\000l\000i\000e\000\040\000B\000r\000o\000w\000n\000\040}{section*.11}% 13
\BOOKMARK [1][-]{section*.14}{\376\377\000C\000o\000n\000c\000l\000u\000s\000i\000o\000n\000s}{section*.1}% 14
\BOOKMARK [1][-]{section*.15}{\376\377\000S\000u\000p\000p\000l\000e\000m\000e\000n\000t\000a\000l\000\040\000I\000n\000f\000o\000r\000m\000a\000t\000i\000o\000n}{section*.1}% 15
\BOOKMARK [2][-]{section*.16}{\376\377\000C\000o\000m\000p\000u\000t\000e\000r\000\040\000C\000o\000d\000e}{section*.15}% 16
\BOOKMARK [1][-]{section*.17}{\376\377\000B\000i\000b\000l\000i\000o\000g\000r\000a\000p\000h\000y}{section*.1}% 17
\BOOKMARK [1][-]{section*.18}{\376\377\000R\000e\000f\000e\000r\000e\000n\000c\000e\000s}{section*.1}% 18
\BOOKMARK [1][-]{section*.19}{\376\377\000A\000c\000k\000n\000o\000w\000l\000e\000d\000g\000m\000e\000n\000t\000s}{section*.1}% 19
\BOOKMARK [1][-]{section*.20}{\376\377\000\040\000S\000t\000a\000t\000e\000m\000e\000n\000t\000\040\000o\000f\000\040\000C\000o\000n\000f\000l\000i\000c\000t\000s\000\040}{section*.1}% 20
\BOOKMARK [1][-]{section*.21}{\376\377\000A\000b\000o\000u\000t\000\040\000t\000h\000e\000\040\000A\000u\000t\000h\000o\000r\000s\000\040\000a\000n\000d\000\040\000F\000a\000c\000i\000l\000i\000t\000y}{section*.1}% 21
\BOOKMARK [1][-]{section*.22}{\376\377\000H\000a\000p\000p\000y\000\040\000M\000o\000n\000t\000h\000l\000y\000\040\000D\000i\000e\000t\000\040\000T\000a\000b\000l\000e\000s}{section*.1}% 22
\BOOKMARK [1][-]{section*.23}{\376\377\000S\000y\000m\000b\000o\000l\000s\000,\000\040\000A\000b\000b\000r\000e\000v\000i\000a\000t\000i\000o\000n\000s\000\040\000a\000n\000d\000\040\000C\000o\000l\000l\000o\000q\000u\000i\000a\000l\000i\000s\000m\000s}{section*.1}% 23
\BOOKMARK [1][-]{section*.24}{\376\377\000G\000e\000n\000e\000r\000a\000l\000\040\000c\000a\000v\000e\000a\000t\000s\000\040\000a\000n\000d\000\040\000d\000i\000s\000c\000l\000a\000i\000m\000e\000r\000\040}{section*.1}% 24
\BOOKMARK [1][-]{section*.25}{\376\377\000C\000i\000t\000i\000n\000g\000\040\000t\000h\000i\000s\000\040\000a\000s\000\040\000a\000\040\000t\000e\000c\000h\000\040\000r\000e\000p\000o\000r\000t\000\040\000o\000r\000\040\000w\000h\000i\000t\000e\000\040\000p\000a\000p\000e\000r\000\040}{section*.1}% 25
